mode: set
ms-ticketing/internal/order/discount/discount.go:18.44,22.2 1 0
ms-ticketing/internal/order/discount/discount.go:37.33,47.21 2 0
ms-ticketing/internal/order/discount/discount.go:47.21,49.3 1 0
ms-ticketing/internal/order/discount/discount.go:53.2,53.22 1 0
ms-ticketing/internal/order/discount/discount.go:53.22,56.3 2 0
ms-ticketing/internal/order/discount/discount.go:59.2,61.68 2 0
ms-ticketing/internal/order/discount/discount.go:61.68,64.3 2 0
ms-ticketing/internal/order/discount/discount.go:66.2,66.65 1 0
ms-ticketing/internal/order/discount/discount.go:66.65,69.3 2 0
ms-ticketing/internal/order/discount/discount.go:72.2,72.103 1 0
ms-ticketing/internal/order/discount/discount.go:72.103,75.3 2 0
ms-ticketing/internal/order/discount/discount.go:78.2,78.44 1 0
ms-ticketing/internal/order/discount/discount.go:78.44,80.59 2 0
ms-ticketing/internal/order/discount/discount.go:80.59,81.35 1 0
ms-ticketing/internal/order/discount/discount.go:81.35,83.10 2 0
ms-ticketing/internal/order/discount/discount.go:86.3,86.20 1 0
ms-ticketing/internal/order/discount/discount.go:86.20,89.4 2 0
ms-ticketing/internal/order/discount/discount.go:93.2,94.48 2 0
ms-ticketing/internal/order/discount/discount.go:94.48,97.3 2 0
ms-ticketing/internal/order/discount/discount.go:100.2,104.29 4 0
ms-ticketing/internal/order/discount/discount.go:104.29,109.76 2 0
ms-ticketing/internal/order/discount/discount.go:109.76,112.4 2 0
ms-ticketing/internal/order/discount/discount.go:116.2,116.68 1 0
ms-ticketing/internal/order/discount/discount.go:116.68,119.3 2 0
ms-ticketing/internal/order/discount/discount.go:122.2,122.98 1 0
ms-ticketing/internal/order/discount/discount.go:122.98,123.90 1 0
ms-ticketing/internal/order/discount/discount.go:123.90,126.4 2 0
ms-ticketing/internal/order/discount/discount.go:130.2,131.34 2 0
ms-ticketing/internal/order/discount/discount.go:132.23,134.40 1 0
ms-ticketing/internal/order/discount/discount.go:134.40,136.4 1 0
ms-ticketing/internal/order/discount/discount.go:137.3,138.47 2 0
ms-ticketing/internal/order/discount/discount.go:138.47,140.4 1 0
ms-ticketing/internal/order/discount/discount.go:142.25,144.44 1 0
ms-ticketing/internal/order/discount/discount.go:144.44,146.4 1 0
ms-ticketing/internal/order/discount/discount.go:147.3,150.98 2 0
ms-ticketing/internal/order/discount/discount.go:150.98,152.4 1 0
ms-ticketing/internal/order/discount/discount.go:154.31,156.87 1 0
ms-ticketing/internal/order/discount/discount.go:156.87,158.4 1 0
ms-ticketing/internal/order/discount/discount.go:160.3,164.36 3 0
ms-ticketing/internal/order/discount/discount.go:164.36,167.4 2 0
ms-ticketing/internal/order/discount/discount.go:170.3,170.51 1 0
ms-ticketing/internal/order/discount/discount.go:170.51,172.4 1 0
ms-ticketing/internal/order/discount/discount.go:175.3,176.42 2 0
ms-ticketing/internal/order/discount/discount.go:176.42,178.4 1 0
ms-ticketing/internal/order/discount/discount.go:181.3,181.37 1 0
ms-ticketing/internal/order/discount/discount.go:181.37,183.4 1 0
ms-ticketing/internal/order/discount/discount.go:185.10,186.84 1 0
ms-ticketing/internal/order/discount/discount.go:190.2,190.35 1 0
ms-ticketing/internal/order/discount/discount.go:190.35,192.3 1 0
ms-ticketing/internal/order/discount/discount.go:195.2,198.20 3 0
ms-ticketing/internal/order/discount/fetcher.go:21.63,26.2 1 0
ms-ticketing/internal/order/discount/fetcher.go:29.108,30.22 1 0
ms-ticketing/internal/order/discount/fetcher.go:30.22,32.3 1 0
ms-ticketing/internal/order/discount/fetcher.go:34.2,35.86 2 0
ms-ticketing/internal/order/discount/fetcher.go:35.86,37.3 1 0
ms-ticketing/internal/order/discount/fetcher.go:39.2,43.16 4 0
ms-ticketing/internal/order/discount/fetcher.go:43.16,46.3 2 0
ms-ticketing/internal/order/discount/fetcher.go:48.2,52.16 4 0
ms-ticketing/internal/order/discount/fetcher.go:52.16,55.3 2 0
ms-ticketing/internal/order/discount/fetcher.go:56.2,56.33 1 0
ms-ticketing/internal/order/discount/fetcher.go:56.33,58.17 2 0
ms-ticketing/internal/order/discount/fetcher.go:58.17,60.4 1 0
ms-ticketing/internal/order/discount/fetcher.go:63.2,63.44 1 0
ms-ticketing/internal/order/discount/fetcher.go:63.44,66.3 2 0
ms-ticketing/internal/order/discount/fetcher.go:68.2,68.38 1 0
ms-ticketing/internal/order/discount/fetcher.go:68.38,71.3 2 0
ms-ticketing/internal/order/discount/fetcher.go:73.2,74.69 2 0
ms-ticketing/internal/order/discount/fetcher.go:74.69,77.3 2 0
ms-ticketing/internal/order/discount/fetcher.go:79.2,80.23 2 0
ms-ticketing/internal/order/discount/fetcher.go:84.93,85.22 1 0
ms-ticketing/internal/order/discount/fetcher.go:85.22,87.3 1 0
ms-ticketing/internal/order/discount/fetcher.go:89.2,90.86 2 0
ms-ticketing/internal/order/discount/fetcher.go:90.86,92.3 1 0
ms-ticketing/internal/order/discount/fetcher.go:94.2,98.16 4 0
ms-ticketing/internal/order/discount/fetcher.go:98.16,101.3 2 0
ms-ticketing/internal/order/discount/fetcher.go:103.2,107.16 4 0
ms-ticketing/internal/order/discount/fetcher.go:107.16,110.3 2 0
ms-ticketing/internal/order/discount/fetcher.go:111.2,111.33 1 0
ms-ticketing/internal/order/discount/fetcher.go:111.33,113.17 2 0
ms-ticketing/internal/order/discount/fetcher.go:113.17,115.4 1 0
ms-ticketing/internal/order/discount/fetcher.go:118.2,118.38 1 0
ms-ticketing/internal/order/discount/fetcher.go:118.38,121.3 2 0
ms-ticketing/internal/order/discount/fetcher.go:123.2,124.12 2 0
ms-ticketing/internal/analytics/db.go:17.28,19.2 1 0
ms-ticketing/internal/analytics/db.go:22.95,30.2 3 0
ms-ticketing/internal/analytics/db.go:33.99,41.2 3 0
ms-ticketing/internal/analytics/db.go:44.89,50.2 3 0
ms-ticketing/internal/analytics/db.go:53.93,59.2 3 0
ms-ticketing/internal/analytics/db.go:69.101,90.2 3 0
ms-ticketing/internal/analytics/db.go:93.105,114.2 3 0
ms-ticketing/internal/analytics/db.go:125.107,139.2 3 0
ms-ticketing/internal/analytics/event_orders.go:20.133,27.29 2 0
ms-ticketing/internal/analytics/event_orders.go:27.29,29.3 1 0
ms-ticketing/internal/analytics/event_orders.go:32.2,32.26 1 0
ms-ticketing/internal/analytics/event_orders.go:32.26,34.3 1 0
ms-ticketing/internal/analytics/event_orders.go:37.2,37.26 1 0
ms-ticketing/internal/analytics/event_orders.go:37.26,39.23 2 0
ms-ticketing/internal/analytics/event_orders.go:39.23,41.4 1 0
ms-ticketing/internal/analytics/event_orders.go:43.3,43.58 1 0
ms-ticketing/internal/analytics/event_orders.go:44.25,45.37 1 0
ms-ticketing/internal/analytics/event_orders.go:46.29,47.42 1 0
ms-ticketing/internal/analytics/event_orders.go:48.11,50.42 1 0
ms-ticketing/internal/analytics/event_orders.go:52.8,55.3 1 0
ms-ticketing/internal/analytics/event_orders.go:58.2,58.23 1 0
ms-ticketing/internal/analytics/event_orders.go:58.23,60.3 1 0
ms-ticketing/internal/analytics/event_orders.go:62.2,62.24 1 0
ms-ticketing/internal/analytics/event_orders.go:62.24,64.3 1 0
ms-ticketing/internal/analytics/event_orders.go:67.2,69.16 3 0
ms-ticketing/internal/analytics/event_orders.go:69.16,71.3 1 0
ms-ticketing/internal/analytics/event_orders.go:73.2,73.22 1 0
ms-ticketing/internal/analytics/event_orders.go:73.22,75.3 1 0
ms-ticketing/internal/analytics/event_orders.go:78.2,79.31 2 0
ms-ticketing/internal/analytics/event_orders.go:79.31,81.3 1 0
ms-ticketing/internal/analytics/event_orders.go:84.2,89.16 3 0
ms-ticketing/internal/analytics/event_orders.go:89.16,91.3 1 0
ms-ticketing/internal/analytics/event_orders.go:94.2,95.33 2 0
ms-ticketing/internal/analytics/event_orders.go:95.33,97.3 1 0
ms-ticketing/internal/analytics/event_orders.go:100.2,101.31 2 0
ms-ticketing/internal/analytics/event_orders.go:101.31,107.3 2 0
ms-ticketing/internal/analytics/event_orders.go:109.2,109.20 1 0
ms-ticketing/internal/analytics/service.go:17.38,19.2 1 0
ms-ticketing/internal/analytics/service.go:87.114,94.18 3 0
ms-ticketing/internal/analytics/service.go:94.18,96.3 1 0
ms-ticketing/internal/analytics/service.go:98.2,99.16 2 0
ms-ticketing/internal/analytics/service.go:99.16,101.3 1 0
ms-ticketing/internal/analytics/service.go:104.2,108.18 4 0
ms-ticketing/internal/analytics/service.go:108.18,111.3 2 0
ms-ticketing/internal/analytics/service.go:113.2,115.16 2 0
ms-ticketing/internal/analytics/service.go:115.16,117.3 1 0
ms-ticketing/internal/analytics/service.go:120.2,142.18 5 0
ms-ticketing/internal/analytics/service.go:142.18,145.3 2 0
ms-ticketing/internal/analytics/service.go:147.2,155.16 3 0
ms-ticketing/internal/analytics/service.go:155.16,157.3 1 0
ms-ticketing/internal/analytics/service.go:160.2,162.31 3 0
ms-ticketing/internal/analytics/service.go:162.31,165.3 2 0
ms-ticketing/internal/analytics/service.go:168.2,193.18 5 0
ms-ticketing/internal/analytics/service.go:193.18,196.3 2 0
ms-ticketing/internal/analytics/service.go:198.2,206.16 3 0
ms-ticketing/internal/analytics/service.go:206.16,208.3 1 0
ms-ticketing/internal/analytics/service.go:211.2,220.32 2 0
ms-ticketing/internal/analytics/service.go:220.32,226.3 1 0
ms-ticketing/internal/analytics/service.go:228.2,228.31 1 0
ms-ticketing/internal/analytics/service.go:228.31,236.3 1 0
ms-ticketing/internal/analytics/service.go:238.2,238.20 1 0
ms-ticketing/internal/analytics/service.go:242.130,261.18 4 0
ms-ticketing/internal/analytics/service.go:261.18,263.3 1 0
ms-ticketing/internal/analytics/service.go:265.2,269.16 2 0
ms-ticketing/internal/analytics/service.go:269.16,271.3 1 0
ms-ticketing/internal/analytics/service.go:274.2,279.35 2 0
ms-ticketing/internal/analytics/service.go:279.35,286.3 1 0
ms-ticketing/internal/analytics/service.go:288.2,288.20 1 0
ms-ticketing/internal/analytics/service.go:292.130,317.18 5 0
ms-ticketing/internal/analytics/service.go:317.18,320.3 2 0
ms-ticketing/internal/analytics/service.go:322.2,340.18 3 0
ms-ticketing/internal/analytics/service.go:340.18,343.3 2 0
ms-ticketing/internal/analytics/service.go:345.2,366.16 4 0
ms-ticketing/internal/analytics/service.go:366.16,368.3 1 0
ms-ticketing/internal/analytics/service.go:371.2,376.38 2 0
ms-ticketing/internal/analytics/service.go:376.38,383.3 1 0
ms-ticketing/internal/analytics/service.go:385.2,385.20 1 0
ms-ticketing/internal/analytics/service.go:389.129,396.18 3 0
ms-ticketing/internal/analytics/service.go:396.18,398.3 1 0
ms-ticketing/internal/analytics/service.go:400.2,402.16 3 0
ms-ticketing/internal/analytics/service.go:402.16,404.3 1 0
ms-ticketing/internal/analytics/service.go:407.2,411.18 4 0
ms-ticketing/internal/analytics/service.go:411.18,414.3 2 0
ms-ticketing/internal/analytics/service.go:416.2,418.16 2 0
ms-ticketing/internal/analytics/service.go:418.16,420.3 1 0
ms-ticketing/internal/analytics/service.go:423.2,445.18 5 0
ms-ticketing/internal/analytics/service.go:445.18,448.3 2 0
ms-ticketing/internal/analytics/service.go:450.2,458.16 3 0
ms-ticketing/internal/analytics/service.go:458.16,460.3 1 0
ms-ticketing/internal/analytics/service.go:463.2,465.31 3 0
ms-ticketing/internal/analytics/service.go:465.31,468.3 2 0
ms-ticketing/internal/analytics/service.go:471.2,496.18 5 0
ms-ticketing/internal/analytics/service.go:496.18,499.3 2 0
ms-ticketing/internal/analytics/service.go:501.2,509.16 3 0
ms-ticketing/internal/analytics/service.go:509.16,511.3 1 0
ms-ticketing/internal/analytics/service.go:514.2,524.32 2 0
ms-ticketing/internal/analytics/service.go:524.32,530.3 1 0
ms-ticketing/internal/analytics/service.go:532.2,532.31 1 0
ms-ticketing/internal/analytics/service.go:532.31,540.3 1 0
ms-ticketing/internal/analytics/service.go:542.2,542.20 1 0
ms-ticketing/internal/analytics/api/handler.go:27.77,33.2 1 0
ms-ticketing/internal/analytics/api/handler.go:36.113,43.2 1 0
ms-ticketing/internal/analytics/api/handler.go:46.48,47.49 1 0
ms-ticketing/internal/analytics/api/handler.go:47.49,53.3 5 0
ms-ticketing/internal/analytics/api/handler.go:57.76,60.56 3 0
ms-ticketing/internal/analytics/api/handler.go:60.57,65.3 0 0
ms-ticketing/internal/analytics/api/handler.go:69.85,82.16 4 0
ms-ticketing/internal/analytics/api/handler.go:82.16,85.3 2 0
ms-ticketing/internal/analytics/api/handler.go:88.2,89.29 2 0
ms-ticketing/internal/analytics/api/handler.go:89.29,92.3 2 0
ms-ticketing/internal/analytics/api/handler.go:94.2,98.16 3 0
ms-ticketing/internal/analytics/api/handler.go:98.16,101.3 2 0
ms-ticketing/internal/analytics/api/handler.go:104.2,108.16 3 0
ms-ticketing/internal/analytics/api/handler.go:108.16,111.3 2 0
ms-ticketing/internal/analytics/api/handler.go:112.2,115.38 2 0
ms-ticketing/internal/analytics/api/handler.go:115.38,118.3 2 0
ms-ticketing/internal/analytics/api/handler.go:121.2,123.16 3 0
ms-ticketing/internal/analytics/api/handler.go:123.16,126.3 2 0
ms-ticketing/internal/analytics/api/handler.go:128.2,129.21 2 0
ms-ticketing/internal/analytics/api/handler.go:133.77,135.19 2 0
ms-ticketing/internal/analytics/api/handler.go:135.19,139.3 3 0
ms-ticketing/internal/analytics/api/handler.go:142.2,143.18 2 0
ms-ticketing/internal/analytics/api/handler.go:143.18,147.3 3 0
ms-ticketing/internal/analytics/api/handler.go:150.2,151.16 2 0
ms-ticketing/internal/analytics/api/handler.go:151.16,155.3 3 0
ms-ticketing/internal/analytics/api/handler.go:157.2,157.14 1 0
ms-ticketing/internal/analytics/api/handler.go:157.14,161.3 3 0
ms-ticketing/internal/analytics/api/handler.go:164.2,165.16 2 0
ms-ticketing/internal/analytics/api/handler.go:165.16,169.3 3 0
ms-ticketing/internal/analytics/api/handler.go:171.2,171.47 1 0
ms-ticketing/internal/analytics/api/handler.go:175.85,177.19 2 0
ms-ticketing/internal/analytics/api/handler.go:177.19,181.3 3 0
ms-ticketing/internal/analytics/api/handler.go:184.2,185.18 2 0
ms-ticketing/internal/analytics/api/handler.go:185.18,189.3 3 0
ms-ticketing/internal/analytics/api/handler.go:192.2,193.16 2 0
ms-ticketing/internal/analytics/api/handler.go:193.16,197.3 3 0
ms-ticketing/internal/analytics/api/handler.go:199.2,199.14 1 0
ms-ticketing/internal/analytics/api/handler.go:199.14,203.3 3 0
ms-ticketing/internal/analytics/api/handler.go:206.2,207.16 2 0
ms-ticketing/internal/analytics/api/handler.go:207.16,211.3 3 0
ms-ticketing/internal/analytics/api/handler.go:213.2,213.55 1 0
ms-ticketing/internal/analytics/api/handler.go:217.85,219.19 2 0
ms-ticketing/internal/analytics/api/handler.go:219.19,223.3 3 0
ms-ticketing/internal/analytics/api/handler.go:226.2,227.18 2 0
ms-ticketing/internal/analytics/api/handler.go:227.18,231.3 3 0
ms-ticketing/internal/analytics/api/handler.go:234.2,235.16 2 0
ms-ticketing/internal/analytics/api/handler.go:235.16,239.3 3 0
ms-ticketing/internal/analytics/api/handler.go:241.2,241.14 1 0
ms-ticketing/internal/analytics/api/handler.go:241.14,245.3 3 0
ms-ticketing/internal/analytics/api/handler.go:248.2,249.16 2 0
ms-ticketing/internal/analytics/api/handler.go:249.16,253.3 3 0
ms-ticketing/internal/analytics/api/handler.go:255.2,255.55 1 0
ms-ticketing/internal/analytics/api/handler.go:259.79,263.38 3 0
ms-ticketing/internal/analytics/api/handler.go:263.38,267.3 3 0
ms-ticketing/internal/analytics/api/handler.go:270.2,271.18 2 0
ms-ticketing/internal/analytics/api/handler.go:271.18,275.3 3 0
ms-ticketing/internal/analytics/api/handler.go:278.2,279.16 2 0
ms-ticketing/internal/analytics/api/handler.go:279.16,283.3 3 0
ms-ticketing/internal/analytics/api/handler.go:285.2,285.14 1 0
ms-ticketing/internal/analytics/api/handler.go:285.14,290.3 3 0
ms-ticketing/internal/analytics/api/handler.go:293.2,294.16 2 0
ms-ticketing/internal/analytics/api/handler.go:294.16,298.3 3 0
ms-ticketing/internal/analytics/api/handler.go:300.2,300.47 1 0
ms-ticketing/internal/analytics/api/handler.go:304.74,306.19 2 0
ms-ticketing/internal/analytics/api/handler.go:306.19,310.3 3 0
ms-ticketing/internal/analytics/api/handler.go:313.2,314.18 2 0
ms-ticketing/internal/analytics/api/handler.go:314.18,318.3 3 0
ms-ticketing/internal/analytics/api/handler.go:321.2,322.16 2 0
ms-ticketing/internal/analytics/api/handler.go:322.16,326.3 3 0
ms-ticketing/internal/analytics/api/handler.go:328.2,328.14 1 0
ms-ticketing/internal/analytics/api/handler.go:328.14,332.3 3 0
ms-ticketing/internal/analytics/api/handler.go:335.2,343.60 2 0
ms-ticketing/internal/analytics/api/handler.go:343.60,346.30 3 0
ms-ticketing/internal/analytics/api/handler.go:346.30,348.4 1 0
ms-ticketing/internal/analytics/api/handler.go:351.2,351.63 1 0
ms-ticketing/internal/analytics/api/handler.go:351.63,354.32 3 0
ms-ticketing/internal/analytics/api/handler.go:354.32,356.4 1 0
ms-ticketing/internal/analytics/api/handler.go:359.2,360.16 2 0
ms-ticketing/internal/analytics/api/handler.go:360.16,364.3 3 0
ms-ticketing/internal/analytics/api/handler.go:366.2,366.44 1 0
ms-ticketing/internal/config/config.go:60.21,104.2 3 0
ms-ticketing/internal/config/config.go:106.46,107.42 1 0
ms-ticketing/internal/config/config.go:107.42,109.3 1 0
ms-ticketing/internal/config/config.go:110.2,110.21 1 0
ms-ticketing/internal/config/config.go:113.53,114.42 1 0
ms-ticketing/internal/config/config.go:114.42,115.58 1 0
ms-ticketing/internal/config/config.go:115.58,117.4 1 0
ms-ticketing/internal/config/config.go:119.2,119.21 1 0
ms-ticketing/internal/config/config.go:122.50,123.42 1 0
ms-ticketing/internal/config/config.go:123.42,124.53 1 0
ms-ticketing/internal/config/config.go:124.53,126.4 1 0
ms-ticketing/internal/config/config.go:128.2,128.21 1 0
ms-ticketing/internal/config/config.go:131.28,133.21 2 0
ms-ticketing/internal/config/config.go:133.21,135.3 1 0
ms-ticketing/internal/config/config.go:136.2,136.18 1 0
ms-ticketing/internal/models/seat_event.go:28.123,31.16 2 0
ms-ticketing/internal/models/seat_event.go:31.16,33.3 1 0
ms-ticketing/internal/models/seat_event.go:36.2,37.33 2 0
ms-ticketing/internal/models/seat_event.go:37.33,39.17 2 0
ms-ticketing/internal/models/seat_event.go:39.17,41.4 1 0
ms-ticketing/internal/models/seat_event.go:42.3,42.42 1 0
ms-ticketing/internal/models/seat_event.go:45.2,49.8 1 0
ms-ticketing/internal/models/ticket.go:27.56,41.2 1 0
ms-ticketing/internal/models/ticket.go:44.55,59.2 1 0
ms-ticketing/internal/logger/logger.go:42.26,44.50 1 0
ms-ticketing/internal/logger/logger.go:44.50,46.3 1 0
ms-ticketing/internal/logger/logger.go:49.2,53.16 4 0
ms-ticketing/internal/logger/logger.go:53.16,55.3 1 0
ms-ticketing/internal/logger/logger.go:58.2,71.15 6 0
ms-ticketing/internal/logger/logger.go:74.64,77.8 2 0
ms-ticketing/internal/logger/logger.go:77.8,79.3 1 0
ms-ticketing/internal/logger/logger.go:81.2,100.22 5 0
ms-ticketing/internal/logger/logger.go:100.22,102.3 1 0
ms-ticketing/internal/logger/logger.go:105.62,110.21 3 0
ms-ticketing/internal/logger/logger.go:111.15,113.54 2 0
ms-ticketing/internal/logger/logger.go:114.14,116.55 2 0
ms-ticketing/internal/logger/logger.go:117.14,119.56 2 0
ms-ticketing/internal/logger/logger.go:120.15,122.53 2 0
ms-ticketing/internal/logger/logger.go:123.15,125.53 2 0
ms-ticketing/internal/logger/logger.go:126.10,128.55 2 0
ms-ticketing/internal/logger/logger.go:132.2,137.40 5 0
ms-ticketing/internal/logger/logger.go:137.40,140.3 2 0
ms-ticketing/internal/logger/logger.go:142.2,142.81 1 0
ms-ticketing/internal/logger/logger.go:145.58,148.2 2 0
ms-ticketing/internal/logger/logger.go:150.55,151.15 1 0
ms-ticketing/internal/logger/logger.go:152.13,153.17 1 0
ms-ticketing/internal/logger/logger.go:154.12,155.16 1 0
ms-ticketing/internal/logger/logger.go:156.12,157.16 1 0
ms-ticketing/internal/logger/logger.go:158.13,159.17 1 0
ms-ticketing/internal/logger/logger.go:160.13,161.17 1 0
ms-ticketing/internal/logger/logger.go:162.10,163.16 1 0
ms-ticketing/internal/logger/logger.go:168.50,170.2 1 0
ms-ticketing/internal/logger/logger.go:172.49,174.2 1 0
ms-ticketing/internal/logger/logger.go:176.49,178.2 1 0
ms-ticketing/internal/logger/logger.go:180.50,182.2 1 0
ms-ticketing/internal/logger/logger.go:184.50,187.2 2 0
ms-ticketing/internal/logger/logger.go:190.60,192.2 1 0
ms-ticketing/internal/logger/logger.go:194.64,196.2 1 0
ms-ticketing/internal/logger/logger.go:198.58,200.2 1 0
ms-ticketing/internal/logger/logger.go:202.58,204.2 1 0
ms-ticketing/internal/logger/logger.go:206.64,208.2 1 0
ms-ticketing/internal/logger/logger.go:210.53,212.2 1 0
ms-ticketing/internal/logger/logger.go:214.26,215.22 1 0
ms-ticketing/internal/logger/logger.go:215.22,218.3 2 0
ms-ticketing/internal/order/order_api/handler.go:23.98,29.2 1 0
ms-ticketing/internal/order/order_api/handler.go:31.68,36.16 4 0
ms-ticketing/internal/order/order_api/handler.go:36.16,40.3 3 0
ms-ticketing/internal/order/order_api/handler.go:41.2,45.16 4 0
ms-ticketing/internal/order/order_api/handler.go:45.16,48.3 2 0
ms-ticketing/internal/order/order_api/handler.go:49.2,49.62 1 0
ms-ticketing/internal/order/order_api/handler.go:52.71,57.16 4 0
ms-ticketing/internal/order/order_api/handler.go:57.16,61.3 3 0
ms-ticketing/internal/order/order_api/handler.go:62.2,65.65 3 0
ms-ticketing/internal/order/order_api/handler.go:100.87,106.66 3 0
ms-ticketing/internal/order/order_api/handler.go:106.66,110.3 3 0
ms-ticketing/internal/order/order_api/handler.go:112.2,117.16 4 0
ms-ticketing/internal/order/order_api/handler.go:117.16,121.3 3 0
ms-ticketing/internal/order/order_api/handler.go:124.2,127.16 4 0
ms-ticketing/internal/order/order_api/handler.go:127.16,130.3 2 0
ms-ticketing/internal/order/order_api/handler.go:131.2,131.81 1 0
ms-ticketing/internal/order/order_api/handler.go:134.88,138.18 3 0
ms-ticketing/internal/order/order_api/handler.go:138.18,142.3 3 0
ms-ticketing/internal/order/order_api/handler.go:145.2,146.16 2 0
ms-ticketing/internal/order/order_api/handler.go:146.16,150.3 3 0
ms-ticketing/internal/order/order_api/handler.go:152.2,156.16 4 0
ms-ticketing/internal/order/order_api/handler.go:156.16,159.3 2 0
ms-ticketing/internal/order/order_api/handler.go:160.2,160.115 1 0
ms-ticketing/internal/order/order_api/payment_handlers.go:16.79,20.19 3 0
ms-ticketing/internal/order/order_api/payment_handlers.go:20.19,24.3 3 0
ms-ticketing/internal/order/order_api/payment_handlers.go:27.2,28.16 2 0
ms-ticketing/internal/order/order_api/payment_handlers.go:28.16,32.3 3 0
ms-ticketing/internal/order/order_api/payment_handlers.go:35.2,36.16 2 0
ms-ticketing/internal/order/order_api/payment_handlers.go:36.16,39.3 1 0
ms-ticketing/internal/order/order_api/payment_handlers.go:42.2,44.22 3 0
ms-ticketing/internal/order/order_api/payment_handlers.go:44.22,45.60 1 0
ms-ticketing/internal/order/order_api/payment_handlers.go:45.60,48.4 2 0
ms-ticketing/internal/order/order_api/payment_handlers.go:48.9,50.4 1 0
ms-ticketing/internal/order/order_api/payment_handlers.go:51.8,53.3 1 0
ms-ticketing/internal/order/order_api/payment_handlers.go:56.2,70.16 4 0
ms-ticketing/internal/order/order_api/payment_handlers.go:70.16,73.3 2 0
ms-ticketing/internal/order/order_api/payment_handlers.go:74.2,74.104 1 0
ms-ticketing/internal/order/order_api/payment_handlers.go:78.73,83.16 3 0
ms-ticketing/internal/order/order_api/payment_handlers.go:83.16,87.54 2 0
ms-ticketing/internal/order/order_api/payment_handlers.go:87.54,95.4 3 0
ms-ticketing/internal/order/order_api/payment_handlers.go:98.3,99.9 2 0
ms-ticketing/internal/order/order_api/payment_handlers.go:102.2,103.77 2 0
ms-ticketing/internal/auth/m2m.go:20.124,24.19 3 0
ms-ticketing/internal/auth/m2m.go:24.19,25.51 1 0
ms-ticketing/internal/auth/m2m.go:25.51,27.4 1 0
ms-ticketing/internal/auth/m2m.go:28.3,28.52 1 0
ms-ticketing/internal/auth/m2m.go:28.52,30.4 1 0
ms-ticketing/internal/auth/m2m.go:34.2,34.24 1 0
ms-ticketing/internal/auth/m2m.go:34.24,39.17 4 0
ms-ticketing/internal/auth/m2m.go:39.17,42.4 1 0
ms-ticketing/internal/auth/m2m.go:42.9,42.57 1 0
ms-ticketing/internal/auth/m2m.go:42.57,45.4 2 0
ms-ticketing/internal/auth/m2m.go:45.9,47.4 1 0
ms-ticketing/internal/auth/m2m.go:48.8,50.3 1 0
ms-ticketing/internal/auth/m2m.go:53.2,66.16 11 0
ms-ticketing/internal/auth/m2m.go:66.16,69.3 2 0
ms-ticketing/internal/auth/m2m.go:70.2,70.15 1 0
ms-ticketing/internal/auth/m2m.go:70.15,71.45 1 0
ms-ticketing/internal/auth/m2m.go:71.45,73.4 1 0
ms-ticketing/internal/auth/m2m.go:76.2,77.38 2 0
ms-ticketing/internal/auth/m2m.go:77.38,81.3 3 0
ms-ticketing/internal/auth/m2m.go:83.2,84.70 2 0
ms-ticketing/internal/auth/m2m.go:84.70,87.3 2 0
ms-ticketing/internal/auth/m2m.go:88.2,91.24 2 0
ms-ticketing/internal/auth/m2m.go:91.24,94.94 3 0
ms-ticketing/internal/auth/m2m.go:94.94,97.4 1 0
ms-ticketing/internal/auth/m2m.go:97.9,99.4 1 0
ms-ticketing/internal/auth/m2m.go:102.2,102.35 1 0
ms-ticketing/internal/auth/middleware.go:17.51,19.18 2 0
ms-ticketing/internal/auth/middleware.go:19.18,20.39 1 0
ms-ticketing/internal/auth/middleware.go:24.2,25.16 2 0
ms-ticketing/internal/auth/middleware.go:25.16,26.64 1 0
ms-ticketing/internal/auth/middleware.go:30.2,34.46 2 0
ms-ticketing/internal/auth/middleware.go:34.46,35.72 1 0
ms-ticketing/internal/auth/middleware.go:35.72,37.24 2 0
ms-ticketing/internal/auth/middleware.go:37.24,40.5 2 0
ms-ticketing/internal/auth/middleware.go:43.4,44.65 2 0
ms-ticketing/internal/auth/middleware.go:44.65,47.5 2 0
ms-ticketing/internal/auth/middleware.go:48.4,52.18 3 0
ms-ticketing/internal/auth/middleware.go:52.18,55.5 2 0
ms-ticketing/internal/auth/middleware.go:58.4,61.50 2 0
ms-ticketing/internal/auth/middleware.go:61.50,64.5 2 0
ms-ticketing/internal/auth/middleware.go:67.4,68.41 2 0
ms-ticketing/internal/auth/middleware.go:74.41,75.50 1 0
ms-ticketing/internal/auth/middleware.go:75.50,77.3 1 0
ms-ticketing/internal/auth/middleware.go:78.2,78.11 1 0
ms-ticketing/internal/auth/redis_cache.go:12.97,15.25 2 0
ms-ticketing/internal/auth/redis_cache.go:15.25,16.51 1 0
ms-ticketing/internal/auth/redis_cache.go:16.51,18.4 1 0
ms-ticketing/internal/auth/redis_cache.go:19.3,19.52 1 0
ms-ticketing/internal/auth/redis_cache.go:19.52,21.4 1 0
ms-ticketing/internal/auth/redis_cache.go:22.8,24.51 1 0
ms-ticketing/internal/auth/redis_cache.go:24.52,24.53 0 0
ms-ticketing/internal/auth/redis_cache.go:25.3,25.52 1 0
ms-ticketing/internal/auth/redis_cache.go:25.53,25.54 0 0
ms-ticketing/internal/auth/redis_cache.go:29.2,40.58 4 0
ms-ticketing/internal/auth/redis_cache.go:40.58,43.3 2 0
ms-ticketing/internal/auth/redis_cache.go:45.2,49.83 3 0
ms-ticketing/internal/auth/redis_cache.go:49.83,52.3 2 0
ms-ticketing/internal/auth/redis_cache.go:54.2,55.25 2 0
ms-ticketing/internal/auth/token.go:13.63,15.22 2 0
ms-ticketing/internal/auth/token.go:15.22,17.3 1 0
ms-ticketing/internal/auth/token.go:20.2,21.45 2 0
ms-ticketing/internal/auth/token.go:21.45,23.3 1 0
ms-ticketing/internal/auth/token.go:25.2,25.22 1 0
ms-ticketing/internal/auth/token.go:30.63,31.23 1 0
ms-ticketing/internal/auth/token.go:31.23,33.3 1 0
ms-ticketing/internal/auth/token.go:37.2,38.16 2 0
ms-ticketing/internal/auth/token.go:38.16,40.3 1 0
ms-ticketing/internal/auth/token.go:43.2,44.9 2 0
ms-ticketing/internal/auth/token.go:44.9,46.3 1 0
ms-ticketing/internal/auth/token.go:49.2,50.22 2 0
ms-ticketing/internal/auth/token.go:50.22,52.3 1 0
ms-ticketing/internal/auth/token.go:54.2,54.17 1 0
ms-ticketing/internal/auth/token_cache.go:26.38,27.33 1 0
ms-ticketing/internal/auth/token_cache.go:27.33,29.3 1 0
ms-ticketing/internal/auth/token_cache.go:31.2,31.77 1 0
ms-ticketing/internal/auth/token_cache.go:40.64,44.2 1 0
ms-ticketing/internal/auth/token_cache.go:47.78,48.21 1 0
ms-ticketing/internal/auth/token_cache.go:48.21,50.3 1 0
ms-ticketing/internal/auth/token_cache.go:53.2,54.22 2 0
ms-ticketing/internal/auth/token_cache.go:54.22,57.3 1 0
ms-ticketing/internal/auth/token_cache.go:57.8,57.23 1 0
ms-ticketing/internal/auth/token_cache.go:57.23,59.3 1 0
ms-ticketing/internal/auth/token_cache.go:62.2,63.71 2 0
ms-ticketing/internal/auth/token_cache.go:63.71,65.3 1 0
ms-ticketing/internal/auth/token_cache.go:68.2,68.27 1 0
ms-ticketing/internal/auth/token_cache.go:68.27,71.3 1 0
ms-ticketing/internal/auth/token_cache.go:73.2,73.25 1 0
ms-ticketing/internal/auth/token_cache.go:77.92,78.21 1 0
ms-ticketing/internal/auth/token_cache.go:78.21,80.3 1 0
ms-ticketing/internal/auth/token_cache.go:83.2,93.16 4 0
ms-ticketing/internal/auth/token_cache.go:93.16,95.3 1 0
ms-ticketing/internal/auth/token_cache.go:99.2,100.77 2 0
ms-ticketing/internal/auth/token_cache.go:100.77,102.3 1 0
ms-ticketing/internal/auth/token_cache.go:104.2,104.12 1 0
ms-ticketing/internal/kafka/consumer.go:18.69,27.2 2 0
ms-ticketing/internal/kafka/consumer.go:30.60,33.6 2 0
ms-ticketing/internal/kafka/consumer.go:33.6,35.17 2 0
ms-ticketing/internal/kafka/consumer.go:35.17,37.12 2 0
ms-ticketing/internal/kafka/consumer.go:40.3,41.59 2 0
ms-ticketing/internal/kafka/consumer.go:41.59,43.12 2 0
ms-ticketing/internal/kafka/consumer.go:46.3,47.17 2 0
ms-ticketing/internal/kafka/consumer.go:52.34,54.2 1 0
ms-ticketing/internal/kafka/producer.go:17.46,39.2 1 0
ms-ticketing/internal/kafka/producer.go:41.75,46.48 3 0
ms-ticketing/internal/kafka/producer.go:46.48,48.3 1 0
ms-ticketing/internal/kafka/producer.go:51.2,51.65 1 0
ms-ticketing/internal/kafka/producer.go:51.65,53.3 1 0
ms-ticketing/internal/kafka/producer.go:56.2,63.20 3 0
ms-ticketing/internal/kafka/producer.go:66.74,68.16 2 0
ms-ticketing/internal/kafka/producer.go:68.16,70.3 1 0
ms-ticketing/internal/kafka/producer.go:73.2,78.3 2 0
ms-ticketing/internal/kafka/producer.go:81.34,85.34 3 0
ms-ticketing/internal/kafka/producer.go:85.34,86.35 1 0
ms-ticketing/internal/kafka/producer.go:86.35,88.4 1 0
ms-ticketing/internal/kafka/producer.go:90.2,90.12 1 0
ms-ticketing/internal/kafka/topics.go:13.65,17.43 2 0
ms-ticketing/internal/kafka/topics.go:17.43,19.3 1 0
ms-ticketing/internal/kafka/topics.go:22.2,24.16 3 0
ms-ticketing/internal/kafka/topics.go:24.16,26.3 1 0
ms-ticketing/internal/kafka/topics.go:27.2,30.31 2 0
ms-ticketing/internal/kafka/topics.go:30.31,40.17 3 0
ms-ticketing/internal/kafka/topics.go:40.17,42.59 1 0
ms-ticketing/internal/kafka/topics.go:42.59,44.13 2 0
ms-ticketing/internal/kafka/topics.go:46.4,46.57 1 0
ms-ticketing/internal/kafka/topics.go:48.9,50.4 1 0
ms-ticketing/internal/kafka/topics.go:54.2,55.12 2 0
ms-ticketing/internal/kafka/topics.go:59.67,61.2 1 0
ms-ticketing/internal/kafka/topics.go:64.53,68.16 3 0
ms-ticketing/internal/kafka/topics.go:68.16,70.3 1 0
ms-ticketing/internal/kafka/topics.go:71.2,74.16 3 0
ms-ticketing/internal/kafka/topics.go:74.16,76.3 1 0
ms-ticketing/internal/kafka/topics.go:79.2,80.31 2 0
ms-ticketing/internal/kafka/topics.go:80.31,82.3 1 0
ms-ticketing/internal/kafka/topics.go:85.2,86.30 2 0
ms-ticketing/internal/kafka/topics.go:86.30,88.3 1 0
ms-ticketing/internal/kafka/topics.go:90.2,90.20 1 0
ms-ticketing/internal/tickets/ticket_api/handler.go:17.73,21.16 3 0
ms-ticketing/internal/tickets/ticket_api/handler.go:21.16,24.3 2 0
ms-ticketing/internal/tickets/ticket_api/handler.go:26.2,26.9 1 0
ms-ticketing/internal/tickets/ticket_api/handler.go:26.9,29.3 2 0
ms-ticketing/internal/tickets/ticket_api/handler.go:31.2,32.44 2 0
ms-ticketing/internal/tickets/ticket_api/handler.go:35.72,37.64 2 0
ms-ticketing/internal/tickets/ticket_api/handler.go:37.64,40.3 2 0
ms-ticketing/internal/tickets/ticket_api/handler.go:41.2,41.60 1 0
ms-ticketing/internal/tickets/ticket_api/handler.go:41.60,44.3 2 0
ms-ticketing/internal/tickets/ticket_api/handler.go:45.2,46.69 2 0
ms-ticketing/internal/tickets/ticket_api/handler.go:49.72,51.63 2 0
ms-ticketing/internal/tickets/ticket_api/handler.go:51.63,54.3 2 0
ms-ticketing/internal/tickets/ticket_api/handler.go:55.2,55.37 1 0
ms-ticketing/internal/tickets/ticket_api/handler.go:58.72,61.68 3 0
ms-ticketing/internal/tickets/ticket_api/handler.go:61.68,64.3 2 0
ms-ticketing/internal/tickets/ticket_api/handler.go:65.2,65.75 1 0
ms-ticketing/internal/tickets/ticket_api/handler.go:65.75,68.3 2 0
ms-ticketing/internal/tickets/ticket_api/handler.go:69.2,70.48 2 0
ms-ticketing/internal/tickets/ticket_api/handler.go:73.70,76.16 3 0
ms-ticketing/internal/tickets/ticket_api/handler.go:76.16,79.3 2 0
ms-ticketing/internal/tickets/ticket_api/handler.go:80.2,81.35 2 0
ms-ticketing/internal/tickets/ticket_api/handler.go:84.78,87.16 3 0
ms-ticketing/internal/tickets/ticket_api/handler.go:87.16,90.3 2 0
ms-ticketing/internal/tickets/ticket_api/handler.go:91.2,92.36 2 0
ms-ticketing/internal/tickets/ticket_api/handler.go:95.77,98.16 3 0
ms-ticketing/internal/tickets/ticket_api/handler.go:98.16,101.3 2 0
ms-ticketing/internal/tickets/ticket_api/handler.go:102.2,103.36 2 0
ms-ticketing/internal/tickets/ticket_api/ticket_count_handler.go:14.80,16.16 2 0
ms-ticketing/internal/tickets/ticket_api/ticket_count_handler.go:16.16,19.3 2 0
ms-ticketing/internal/tickets/ticket_api/ticket_count_handler.go:22.2,31.60 4 0
ms-ticketing/internal/tickets/ticket_api/ticket_count_handler.go:31.60,34.3 2 0
ms-ticketing/main.go:54.74,56.2 1 0
ms-ticketing/main.go:58.84,60.2 1 0
ms-ticketing/main.go:62.59,64.2 1 0
ms-ticketing/main.go:66.71,68.2 1 0
ms-ticketing/main.go:70.59,73.2 1 0
ms-ticketing/main.go:75.68,79.16 2 0
ms-ticketing/main.go:79.16,81.3 1 0
ms-ticketing/main.go:82.2,86.32 4 0
ms-ticketing/main.go:89.82,92.2 1 0
ms-ticketing/main.go:94.50,97.16 2 0
ms-ticketing/main.go:97.16,99.3 1 0
ms-ticketing/main.go:102.2,103.33 2 0
ms-ticketing/main.go:106.71,110.16 2 0
ms-ticketing/main.go:110.16,112.3 1 0
ms-ticketing/main.go:113.2,117.40 4 0
ms-ticketing/main.go:120.100,123.2 1 0
ms-ticketing/main.go:125.110,128.2 1 0
ms-ticketing/main.go:131.111,147.16 5 0
ms-ticketing/main.go:147.16,150.3 2 0
ms-ticketing/main.go:151.2,154.85 3 0
ms-ticketing/main.go:160.86,163.2 1 0
ms-ticketing/main.go:165.80,168.2 1 0
ms-ticketing/main.go:170.125,174.16 3 0
ms-ticketing/main.go:174.16,176.3 1 0
ms-ticketing/main.go:176.8,178.105 2 0
ms-ticketing/main.go:178.105,180.4 1 0
ms-ticketing/main.go:183.2,186.12 3 0
ms-ticketing/main.go:186.12,187.37 1 0
ms-ticketing/main.go:187.37,189.52 2 0
ms-ticketing/main.go:189.52,194.19 4 0
ms-ticketing/main.go:194.19,196.14 2 0
ms-ticketing/main.go:200.5,201.19 2 0
ms-ticketing/main.go:201.19,203.6 1 0
ms-ticketing/main.go:203.11,203.39 1 0
ms-ticketing/main.go:203.39,209.20 4 0
ms-ticketing/main.go:209.20,211.15 2 0
ms-ticketing/main.go:214.6,215.20 2 0
ms-ticketing/main.go:215.20,217.15 2 0
ms-ticketing/main.go:220.6,221.20 2 0
ms-ticketing/main.go:221.20,224.21 3 0
ms-ticketing/main.go:224.21,226.8 1 0
ms-ticketing/main.go:226.13,228.22 2 0
ms-ticketing/main.go:228.22,230.9 1 0
ms-ticketing/main.go:230.14,232.9 1 0
ms-ticketing/main.go:234.12,236.7 1 0
ms-ticketing/main.go:237.11,244.42 4 0
ms-ticketing/main.go:244.42,250.21 4 0
ms-ticketing/main.go:250.21,252.8 1 0
ms-ticketing/main.go:252.13,256.8 2 0
ms-ticketing/main.go:261.6,261.25 1 0
ms-ticketing/main.go:261.25,263.15 2 0
ms-ticketing/main.go:267.6,269.20 3 0
ms-ticketing/main.go:269.20,271.15 2 0
ms-ticketing/main.go:274.6,275.20 2 0
ms-ticketing/main.go:275.20,277.15 2 0
ms-ticketing/main.go:280.6,281.20 2 0
ms-ticketing/main.go:281.20,284.21 3 0
ms-ticketing/main.go:284.21,286.8 1 0
ms-ticketing/main.go:286.13,288.22 2 0
ms-ticketing/main.go:288.22,290.9 1 0
ms-ticketing/main.go:290.14,292.9 1 0
ms-ticketing/main.go:294.12,296.7 1 0
ms-ticketing/main.go:303.93,305.15 2 0
ms-ticketing/main.go:305.15,307.3 1 0
ms-ticketing/main.go:309.2,313.34 4 0
ms-ticketing/main.go:313.34,316.17 3 0
ms-ticketing/main.go:316.17,319.12 3 0
ms-ticketing/main.go:322.3,323.17 2 0
ms-ticketing/main.go:323.17,324.9 1 0
ms-ticketing/main.go:327.3,328.23 2 0
ms-ticketing/main.go:328.23,330.4 1 0
ms-ticketing/main.go:333.2,333.16 1 0
ms-ticketing/main.go:333.16,335.3 1 0
ms-ticketing/main.go:337.2,342.21 4 0
ms-ticketing/main.go:342.21,344.3 1 0
ms-ticketing/main.go:345.2,348.52 2 0
ms-ticketing/main.go:348.52,350.3 1 0
ms-ticketing/main.go:352.2,353.16 2 0
ms-ticketing/main.go:353.16,355.3 1 0
ms-ticketing/main.go:355.8,357.3 1 0
ms-ticketing/main.go:359.2,360.27 2 0
ms-ticketing/main.go:363.60,367.16 4 0
ms-ticketing/main.go:367.16,369.3 1 0
ms-ticketing/main.go:372.13,378.40 4 0
ms-ticketing/main.go:378.40,380.3 1 0
ms-ticketing/main.go:380.8,382.3 1 0
ms-ticketing/main.go:384.2,412.78 15 0
ms-ticketing/main.go:412.78,414.3 1 0
ms-ticketing/main.go:414.8,416.3 1 0
ms-ticketing/main.go:418.2,452.29 13 0
ms-ticketing/main.go:452.29,456.38 3 0
ms-ticketing/main.go:456.38,459.41 2 0
ms-ticketing/main.go:459.41,465.5 5 0
ms-ticketing/main.go:466.4,468.48 2 0
ms-ticketing/main.go:468.48,474.5 5 0
ms-ticketing/main.go:475.4,478.83 3 0
ms-ticketing/main.go:482.2,490.12 4 0
ms-ticketing/main.go:490.12,492.80 2 0
ms-ticketing/main.go:492.80,494.4 1 0
ms-ticketing/main.go:497.2,506.53 8 0
ms-ticketing/main.go:506.53,508.3 1 0
ms-ticketing/main.go:508.8,510.3 1 0
ms-ticketing/internal/utils/generators.go:10.26,14.2 3 0
ms-ticketing/internal/utils/generators.go:16.37,20.2 3 0
ms-ticketing/internal/utils/generators.go:23.28,26.16 3 0
ms-ticketing/internal/utils/generators.go:26.16,29.3 1 0
ms-ticketing/internal/utils/generators.go:32.2,37.58 3 0
ms-ticketing/internal/utils/response.go:13.68,20.2 1 0
ms-ticketing/internal/utils/response.go:22.55,29.2 1 0
ms-ticketing/internal/utils/time.go:8.47,10.2 1 0
ms-ticketing/internal/tickets/qr_genrator/qr_generator.go:20.49,23.2 2 0
ms-ticketing/internal/tickets/qr_genrator/qr_generator.go:25.81,27.16 2 0
ms-ticketing/internal/tickets/qr_genrator/qr_generator.go:27.16,29.3 1 0
ms-ticketing/internal/tickets/qr_genrator/qr_generator.go:31.2,32.16 2 0
ms-ticketing/internal/tickets/qr_genrator/qr_generator.go:32.16,34.3 1 0
ms-ticketing/internal/tickets/qr_genrator/qr_generator.go:36.2,36.53 1 0
ms-ticketing/internal/tickets/qr_genrator/qr_generator.go:39.58,41.16 2 0
ms-ticketing/internal/tickets/qr_genrator/qr_generator.go:41.16,43.3 1 0
ms-ticketing/internal/tickets/qr_genrator/qr_generator.go:45.2,48.56 3 0
ms-ticketing/internal/tickets/qr_genrator/qr_generator.go:48.56,50.3 1 0
ms-ticketing/internal/tickets/qr_genrator/qr_generator.go:52.2,55.59 3 0
ms-ticketing/internal/order/redis/lock.go:22.70,28.2 1 0
ms-ticketing/internal/order/redis/lock.go:31.53,37.22 3 0
ms-ticketing/internal/order/redis/lock.go:37.22,40.3 2 0
ms-ticketing/internal/order/redis/lock.go:43.2,44.16 2 0
ms-ticketing/internal/order/redis/lock.go:44.16,47.3 2 0
ms-ticketing/internal/order/redis/lock.go:50.2,51.48 2 0
ms-ticketing/internal/order/redis/lock.go:55.64,60.2 4 0
ms-ticketing/internal/order/redis/lock.go:63.58,67.22 4 0
ms-ticketing/internal/order/redis/lock.go:67.22,69.3 1 0
ms-ticketing/internal/order/redis/lock.go:70.2,70.16 1 0
ms-ticketing/internal/order/redis/lock.go:70.16,72.3 1 0
ms-ticketing/internal/order/redis/lock.go:73.2,73.20 1 0
ms-ticketing/internal/order/redis/lock.go:73.20,76.3 2 0
ms-ticketing/internal/order/redis/lock.go:77.2,77.12 1 0
ms-ticketing/internal/order/redis/lock.go:81.75,83.33 2 0
ms-ticketing/internal/order/redis/lock.go:83.33,85.17 2 0
ms-ticketing/internal/order/redis/lock.go:85.17,87.29 1 0
ms-ticketing/internal/order/redis/lock.go:87.29,89.5 1 0
ms-ticketing/internal/order/redis/lock.go:90.4,90.21 1 0
ms-ticketing/internal/order/redis/lock.go:92.3,92.10 1 0
ms-ticketing/internal/order/redis/lock.go:92.10,94.29 1 0
ms-ticketing/internal/order/redis/lock.go:94.29,96.5 1 0
ms-ticketing/internal/order/redis/lock.go:97.4,97.21 1 0
ms-ticketing/internal/order/redis/lock.go:99.3,99.34 1 0
ms-ticketing/internal/order/redis/lock.go:101.2,101.18 1 0
ms-ticketing/internal/order/redis/lock.go:105.69,107.33 2 0
ms-ticketing/internal/order/redis/lock.go:107.33,109.36 2 0
ms-ticketing/internal/order/redis/lock.go:109.36,111.4 1 0
ms-ticketing/internal/order/redis/lock.go:113.2,113.17 1 0
